{"meta": {"format": 3, "version": "7.10.7", "timestamp": "2025-10-01T10:29:54.392445", "branch_coverage": false, "show_contexts": false}, "files": {"src/__init__.py": {"executed_lines": [1], "summary": {"covered_lines": 0, "num_statements": 0, "percent_covered": 100.0, "percent_covered_display": "100", "missing_lines": 0, "excluded_lines": 0}, "missing_lines": [], "excluded_lines": [], "functions": {"": {"executed_lines": [1], "summary": {"covered_lines": 0, "num_statements": 0, "percent_covered": 100.0, "percent_covered_display": "100", "missing_lines": 0, "excluded_lines": 0}, "missing_lines": [], "excluded_lines": []}}, "classes": {"": {"executed_lines": [1], "summary": {"covered_lines": 0, "num_statements": 0, "percent_covered": 100.0, "percent_covered_display": "100", "missing_lines": 0, "excluded_lines": 0}, "missing_lines": [], "excluded_lines": []}}}, "src/main.py": {"executed_lines": [1, 8, 9, 10, 11, 12, 14, 15, 16, 18, 19, 20, 23, 26, 27, 73, 81, 84, 93, 96, 97, 105, 114, 115, 123], "summary": {"covered_lines": 24, "num_statements": 37, "percent_covered": 64.86486486486487, "percent_covered_display": "65", "missing_lines": 13, "excluded_lines": 0}, "missing_lines": [46, 47, 50, 54, 56, 57, 60, 62, 64, 67, 68, 69, 70], "excluded_lines": [], "functions": {"lifespan": {"executed_lines": [], "summary": {"covered_lines": 0, "num_statements": 13, "percent_covered": 0.0, "percent_covered_display": "0", "missing_lines": 13, "excluded_lines": 0}, "missing_lines": [46, 47, 50, 54, 56, 57, 60, 62, 64, 67, 68, 69, 70], "excluded_lines": []}, "health_check": {"executed_lines": [105], "summary": {"covered_lines": 1, "num_statements": 1, "percent_covered": 100.0, "percent_covered_display": "100", "missing_lines": 0, "excluded_lines": 0}, "missing_lines": [], "excluded_lines": []}, "root": {"executed_lines": [123], "summary": {"covered_lines": 1, "num_statements": 1, "percent_covered": 100.0, "percent_covered_display": "100", "missing_lines": 0, "excluded_lines": 0}, "missing_lines": [], "excluded_lines": []}, "": {"executed_lines": [1, 8, 9, 10, 11, 12, 14, 15, 16, 18, 19, 20, 23, 26, 27, 73, 81, 84, 93, 96, 97, 114, 115], "summary": {"covered_lines": 22, "num_statements": 22, "percent_covered": 100.0, "percent_covered_display": "100", "missing_lines": 0, "excluded_lines": 0}, "missing_lines": [], "excluded_lines": []}}, "classes": {"": {"executed_lines": [1, 8, 9, 10, 11, 12, 14, 15, 16, 18, 19, 20, 23, 26, 27, 73, 81, 84, 93, 96, 97, 105, 114, 115, 123], "summary": {"covered_lines": 24, "num_statements": 37, "percent_covered": 64.86486486486487, "percent_covered_display": "65", "missing_lines": 13, "excluded_lines": 0}, "missing_lines": [46, 47, 50, 54, 56, 57, 60, 62, 64, 67, 68, 69, 70], "excluded_lines": []}}}, "src/model_manager.py": {"executed_lines": [1, 8, 9, 10, 11, 12, 14, 15, 16, 18, 19, 22, 23, 43, 51, 52, 53, 54, 55, 56, 57, 59, 60, 68, 71, 72, 84, 94, 95, 96, 101, 109, 112, 113, 129, 137, 138, 139, 140, 141, 144, 145, 169, 177, 178, 179, 180, 181, 183, 185, 200, 201, 203, 204, 206, 211, 213, 215, 222, 223, 225, 226, 227, 228, 230, 237, 238, 240, 241, 243, 250, 251, 252, 254, 255, 257, 267, 268, 270, 277, 278, 279, 281, 282, 289, 290, 291, 292, 294, 295, 296, 298, 299, 306, 307, 308, 310, 311, 312, 313, 315, 316, 318, 320, 321, 338, 339, 341, 342, 343, 344, 346, 347, 349, 354, 355, 356, 358, 359, 360, 364, 366, 368, 369, 371, 372, 373, 375, 380, 382, 398, 402, 409, 419, 423, 425, 432, 433, 434, 439, 441, 451, 453, 467, 468, 470, 471, 472, 476, 477, 479, 481, 485, 486, 487, 489, 496, 497, 498, 500, 501, 502, 506, 508, 509, 511, 520, 522, 523, 524, 526, 527, 528, 529, 533, 535, 536, 537], "summary": {"covered_lines": 173, "num_statements": 177, "percent_covered": 97.74011299435028, "percent_covered_display": "98", "missing_lines": 4, "excluded_lines": 0}, "missing_lines": [420, 421, 530, 531], "excluded_lines": [], "functions": {"ModelConfig.__init__": {"executed_lines": [51, 52, 53, 54, 55, 56, 57], "summary": {"covered_lines": 7, "num_statements": 7, "percent_covered": 100.0, "percent_covered_display": "100", "missing_lines": 0, "excluded_lines": 0}, "missing_lines": [], "excluded_lines": []}, "ModelConfig.vram_bytes": {"executed_lines": [68], "summary": {"covered_lines": 1, "num_statements": 1, "percent_covered": 100.0, "percent_covered_display": "100", "missing_lines": 0, "excluded_lines": 0}, "missing_lines": [], "excluded_lines": []}, "TaskConfig.__init__": {"executed_lines": [94, 95, 96], "summary": {"covered_lines": 3, "num_statements": 3, "percent_covered": 100.0, "percent_covered_display": "100", "missing_lines": 0, "excluded_lines": 0}, "missing_lines": [], "excluded_lines": []}, "TaskConfig.get_selected_config": {"executed_lines": [109], "summary": {"covered_lines": 1, "num_statements": 1, "percent_covered": 100.0, "percent_covered_display": "100", "missing_lines": 0, "excluded_lines": 0}, "missing_lines": [], "excluded_lines": []}, "InferenceConfig.__init__": {"executed_lines": [137, 138, 139, 140, 141], "summary": {"covered_lines": 5, "num_statements": 5, "percent_covered": 100.0, "percent_covered_display": "100", "missing_lines": 0, "excluded_lines": 0}, "missing_lines": [], "excluded_lines": []}, "ModelManager.__init__": {"executed_lines": [177, 178, 179, 180, 181, 183], "summary": {"covered_lines": 6, "num_statements": 6, "percent_covered": 100.0, "percent_covered_display": "100", "missing_lines": 0, "excluded_lines": 0}, "missing_lines": [], "excluded_lines": []}, "ModelManager._load_config": {"executed_lines": [200, 201, 203, 204, 206, 211, 213], "summary": {"covered_lines": 7, "num_statements": 7, "percent_covered": 100.0, "percent_covered_display": "100", "missing_lines": 0, "excluded_lines": 0}, "missing_lines": [], "excluded_lines": []}, "ModelManager.get_available_vram": {"executed_lines": [222, 223, 225, 226, 227, 228], "summary": {"covered_lines": 6, "num_statements": 6, "percent_covered": 100.0, "percent_covered_display": "100", "missing_lines": 0, "excluded_lines": 0}, "missing_lines": [], "excluded_lines": []}, "ModelManager.get_total_vram": {"executed_lines": [237, 238, 240, 241], "summary": {"covered_lines": 4, "num_statements": 4, "percent_covered": 100.0, "percent_covered_display": "100", "missing_lines": 0, "excluded_lines": 0}, "missing_lines": [], "excluded_lines": []}, "ModelManager.get_memory_usage_percentage": {"executed_lines": [250, 251, 252, 254, 255], "summary": {"covered_lines": 5, "num_statements": 5, "percent_covered": 100.0, "percent_covered_display": "100", "missing_lines": 0, "excluded_lines": 0}, "missing_lines": [], "excluded_lines": []}, "ModelManager.check_memory_available": {"executed_lines": [267, 268], "summary": {"covered_lines": 2, "num_statements": 2, "percent_covered": 100.0, "percent_covered_display": "100", "missing_lines": 0, "excluded_lines": 0}, "missing_lines": [], "excluded_lines": []}, "ModelManager.get_lru_model": {"executed_lines": [277, 278, 279], "summary": {"covered_lines": 3, "num_statements": 3, "percent_covered": 100.0, "percent_covered_display": "100", "missing_lines": 0, "excluded_lines": 0}, "missing_lines": [], "excluded_lines": []}, "ModelManager.evict_lru_model": {"executed_lines": [289, 290, 291, 292, 294, 295, 296], "summary": {"covered_lines": 7, "num_statements": 7, "percent_covered": 100.0, "percent_covered_display": "100", "missing_lines": 0, "excluded_lines": 0}, "missing_lines": [], "excluded_lines": []}, "ModelManager.unload_model": {"executed_lines": [306, 307, 308, 310, 311, 312, 313, 315, 316, 318], "summary": {"covered_lines": 10, "num_statements": 10, "percent_covered": 100.0, "percent_covered_display": "100", "missing_lines": 0, "excluded_lines": 0}, "missing_lines": [], "excluded_lines": []}, "ModelManager.load_model": {"executed_lines": [338, 339, 341, 342, 343, 344, 346, 347, 349, 354, 355, 356, 358, 359, 360, 364, 366, 368, 369, 371, 372, 373, 375, 380], "summary": {"covered_lines": 24, "num_statements": 24, "percent_covered": 100.0, "percent_covered_display": "100", "missing_lines": 0, "excluded_lines": 0}, "missing_lines": [], "excluded_lines": []}, "ModelManager._load_model_implementation": {"executed_lines": [398, 402], "summary": {"covered_lines": 2, "num_statements": 2, "percent_covered": 100.0, "percent_covered_display": "100", "missing_lines": 0, "excluded_lines": 0}, "missing_lines": [], "excluded_lines": []}, "ModelManager.get_model": {"executed_lines": [419, 423], "summary": {"covered_lines": 2, "num_statements": 4, "percent_covered": 50.0, "percent_covered_display": "50", "missing_lines": 2, "excluded_lines": 0}, "missing_lines": [420, 421], "excluded_lines": []}, "ModelManager.get_loaded_models": {"executed_lines": [432, 433, 434, 439], "summary": {"covered_lines": 4, "num_statements": 4, "percent_covered": 100.0, "percent_covered_display": "100", "missing_lines": 0, "excluded_lines": 0}, "missing_lines": [], "excluded_lines": []}, "ModelManager.get_model_config": {"executed_lines": [451], "summary": {"covered_lines": 1, "num_statements": 1, "percent_covered": 100.0, "percent_covered_display": "100", "missing_lines": 0, "excluded_lines": 0}, "missing_lines": [], "excluded_lines": []}, "ModelManager.set_selected_model": {"executed_lines": [467, 468, 470, 471, 472, 476, 477, 479, 481, 485, 486, 487], "summary": {"covered_lines": 12, "num_statements": 12, "percent_covered": 100.0, "percent_covered_display": "100", "missing_lines": 0, "excluded_lines": 0}, "missing_lines": [], "excluded_lines": []}, "ModelManager.validate_memory_budget": {"executed_lines": [496, 497, 498, 500, 501, 502, 506, 508, 509, 511], "summary": {"covered_lines": 10, "num_statements": 10, "percent_covered": 100.0, "percent_covered_display": "100", "missing_lines": 0, "excluded_lines": 0}, "missing_lines": [], "excluded_lines": []}, "ModelManager.warmup_models": {"executed_lines": [522, 523, 524, 526, 527, 528, 529], "summary": {"covered_lines": 7, "num_statements": 9, "percent_covered": 77.77777777777777, "percent_covered_display": "78", "missing_lines": 2, "excluded_lines": 0}, "missing_lines": [530, 531], "excluded_lines": []}, "ModelManager.shutdown": {"executed_lines": [535, 536, 537], "summary": {"covered_lines": 3, "num_statements": 3, "percent_covered": 100.0, "percent_covered_display": "100", "missing_lines": 0, "excluded_lines": 0}, "missing_lines": [], "excluded_lines": []}, "": {"executed_lines": [1, 8, 9, 10, 11, 12, 14, 15, 16, 18, 19, 22, 23, 43, 59, 60, 71, 72, 84, 101, 112, 113, 129, 144, 145, 169, 185, 215, 230, 243, 257, 270, 281, 282, 298, 299, 320, 321, 382, 409, 425, 441, 453, 489, 520, 533], "summary": {"covered_lines": 41, "num_statements": 41, "percent_covered": 100.0, "percent_covered_display": "100", "missing_lines": 0, "excluded_lines": 0}, "missing_lines": [], "excluded_lines": []}}, "classes": {"ModelConfig": {"executed_lines": [51, 52, 53, 54, 55, 56, 57, 68], "summary": {"covered_lines": 8, "num_statements": 8, "percent_covered": 100.0, "percent_covered_display": "100", "missing_lines": 0, "excluded_lines": 0}, "missing_lines": [], "excluded_lines": []}, "TaskConfig": {"executed_lines": [94, 95, 96, 109], "summary": {"covered_lines": 4, "num_statements": 4, "percent_covered": 100.0, "percent_covered_display": "100", "missing_lines": 0, "excluded_lines": 0}, "missing_lines": [], "excluded_lines": []}, "InferenceConfig": {"executed_lines": [137, 138, 139, 140, 141], "summary": {"covered_lines": 5, "num_statements": 5, "percent_covered": 100.0, "percent_covered_display": "100", "missing_lines": 0, "excluded_lines": 0}, "missing_lines": [], "excluded_lines": []}, "ModelManager": {"executed_lines": [177, 178, 179, 180, 181, 183, 200, 201, 203, 204, 206, 211, 213, 222, 223, 225, 226, 227, 228, 237, 238, 240, 241, 250, 251, 252, 254, 255, 267, 268, 277, 278, 279, 289, 290, 291, 292, 294, 295, 296, 306, 307, 308, 310, 311, 312, 313, 315, 316, 318, 338, 339, 341, 342, 343, 344, 346, 347, 349, 354, 355, 356, 358, 359, 360, 364, 366, 368, 369, 371, 372, 373, 375, 380, 398, 402, 419, 423, 432, 433, 434, 439, 451, 467, 468, 470, 471, 472, 476, 477, 479, 481, 485, 486, 487, 496, 497, 498, 500, 501, 502, 506, 508, 509, 511, 522, 523, 524, 526, 527, 528, 529, 535, 536, 537], "summary": {"covered_lines": 115, "num_statements": 119, "percent_covered": 96.63865546218487, "percent_covered_display": "97", "missing_lines": 4, "excluded_lines": 0}, "missing_lines": [420, 421, 530, 531], "excluded_lines": []}, "": {"executed_lines": [1, 8, 9, 10, 11, 12, 14, 15, 16, 18, 19, 22, 23, 43, 59, 60, 71, 72, 84, 101, 112, 113, 129, 144, 145, 169, 185, 215, 230, 243, 257, 270, 281, 282, 298, 299, 320, 321, 382, 409, 425, 441, 453, 489, 520, 533], "summary": {"covered_lines": 41, "num_statements": 41, "percent_covered": 100.0, "percent_covered_display": "100", "missing_lines": 0, "excluded_lines": 0}, "missing_lines": [], "excluded_lines": []}}}, "src/models.py": {"executed_lines": [1, 7, 9, 12, 13, 18, 19, 20, 23, 28, 29, 34, 35, 36, 37, 42, 43, 48, 49, 50, 51, 52, 55, 58, 61, 66, 67, 72, 73, 74, 75, 78, 83, 84, 89, 90, 91, 94, 97, 102, 103, 108, 109, 110, 111, 112, 117, 118, 123, 124, 125, 126, 129, 130, 135, 136, 137, 140, 145, 146, 151, 152, 153, 156, 159, 164, 165, 170, 171, 172, 175, 176, 181, 182, 183, 184, 185, 188, 191, 192, 197, 198, 199], "summary": {"covered_lines": 70, "num_statements": 70, "percent_covered": 100.0, "percent_covered_display": "100", "missing_lines": 0, "excluded_lines": 0}, "missing_lines": [], "excluded_lines": [], "functions": {"": {"executed_lines": [1, 7, 9, 12, 13, 18, 19, 20, 23, 28, 29, 34, 35, 36, 37, 42, 43, 48, 49, 50, 51, 52, 55, 58, 61, 66, 67, 72, 73, 74, 75, 78, 83, 84, 89, 90, 91, 94, 97, 102, 103, 108, 109, 110, 111, 112, 117, 118, 123, 124, 125, 126, 129, 130, 135, 136, 137, 140, 145, 146, 151, 152, 153, 156, 159, 164, 165, 170, 171, 172, 175, 176, 181, 182, 183, 184, 185, 188, 191, 192, 197, 198, 199], "summary": {"covered_lines": 70, "num_statements": 70, "percent_covered": 100.0, "percent_covered_display": "100", "missing_lines": 0, "excluded_lines": 0}, "missing_lines": [], "excluded_lines": []}}, "classes": {"SummarizeRequest": {"executed_lines": [], "summary": {"covered_lines": 0, "num_statements": 0, "percent_covered": 100.0, "percent_covered_display": "100", "missing_lines": 0, "excluded_lines": 0}, "missing_lines": [], "excluded_lines": []}, "KeyFrame": {"executed_lines": [], "summary": {"covered_lines": 0, "num_statements": 0, "percent_covered": 100.0, "percent_covered_display": "100", "missing_lines": 0, "excluded_lines": 0}, "missing_lines": [], "excluded_lines": []}, "SummarizeResponse": {"executed_lines": [], "summary": {"covered_lines": 0, "num_statements": 0, "percent_covered": 100.0, "percent_covered_display": "100", "missing_lines": 0, "excluded_lines": 0}, "missing_lines": [], "excluded_lines": []}, "OntologyType": {"executed_lines": [], "summary": {"covered_lines": 0, "num_statements": 0, "percent_covered": 100.0, "percent_covered_display": "100", "missing_lines": 0, "excluded_lines": 0}, "missing_lines": [], "excluded_lines": []}, "AugmentRequest": {"executed_lines": [], "summary": {"covered_lines": 0, "num_statements": 0, "percent_covered": 100.0, "percent_covered_display": "100", "missing_lines": 0, "excluded_lines": 0}, "missing_lines": [], "excluded_lines": []}, "AugmentResponse": {"executed_lines": [], "summary": {"covered_lines": 0, "num_statements": 0, "percent_covered": 100.0, "percent_covered_display": "100", "missing_lines": 0, "excluded_lines": 0}, "missing_lines": [], "excluded_lines": []}, "BoundingBox": {"executed_lines": [], "summary": {"covered_lines": 0, "num_statements": 0, "percent_covered": 100.0, "percent_covered_display": "100", "missing_lines": 0, "excluded_lines": 0}, "missing_lines": [], "excluded_lines": []}, "Detection": {"executed_lines": [], "summary": {"covered_lines": 0, "num_statements": 0, "percent_covered": 100.0, "percent_covered_display": "100", "missing_lines": 0, "excluded_lines": 0}, "missing_lines": [], "excluded_lines": []}, "DetectionRequest": {"executed_lines": [], "summary": {"covered_lines": 0, "num_statements": 0, "percent_covered": 100.0, "percent_covered_display": "100", "missing_lines": 0, "excluded_lines": 0}, "missing_lines": [], "excluded_lines": []}, "FrameDetections": {"executed_lines": [], "summary": {"covered_lines": 0, "num_statements": 0, "percent_covered": 100.0, "percent_covered_display": "100", "missing_lines": 0, "excluded_lines": 0}, "missing_lines": [], "excluded_lines": []}, "DetectionResponse": {"executed_lines": [], "summary": {"covered_lines": 0, "num_statements": 0, "percent_covered": 100.0, "percent_covered_display": "100", "missing_lines": 0, "excluded_lines": 0}, "missing_lines": [], "excluded_lines": []}, "ErrorResponse": {"executed_lines": [], "summary": {"covered_lines": 0, "num_statements": 0, "percent_covered": 100.0, "percent_covered_display": "100", "missing_lines": 0, "excluded_lines": 0}, "missing_lines": [], "excluded_lines": []}, "": {"executed_lines": [1, 7, 9, 12, 13, 18, 19, 20, 23, 28, 29, 34, 35, 36, 37, 42, 43, 48, 49, 50, 51, 52, 55, 58, 61, 66, 67, 72, 73, 74, 75, 78, 83, 84, 89, 90, 91, 94, 97, 102, 103, 108, 109, 110, 111, 112, 117, 118, 123, 124, 125, 126, 129, 130, 135, 136, 137, 140, 145, 146, 151, 152, 153, 156, 159, 164, 165, 170, 171, 172, 175, 176, 181, 182, 183, 184, 185, 188, 191, 192, 197, 198, 199], "summary": {"covered_lines": 70, "num_statements": 70, "percent_covered": 100.0, "percent_covered_display": "100", "missing_lines": 0, "excluded_lines": 0}, "missing_lines": [], "excluded_lines": []}}}, "src/observability.py": {"executed_lines": [1, 7, 9, 10, 11, 12, 13, 14, 15, 16, 17, 18, 21, 52, 62, 64, 66, 67, 70, 72, 77], "summary": {"covered_lines": 20, "num_statements": 27, "percent_covered": 74.07407407407408, "percent_covered_display": "74", "missing_lines": 7, "excluded_lines": 0}, "missing_lines": [27, 32, 33, 40, 42, 48, 49], "excluded_lines": [], "functions": {"configure_observability": {"executed_lines": [], "summary": {"covered_lines": 0, "num_statements": 7, "percent_covered": 0.0, "percent_covered_display": "0", "missing_lines": 7, "excluded_lines": 0}, "missing_lines": [27, 32, 33, 40, 42, 48, 49], "excluded_lines": []}, "instrument_app": {"executed_lines": [62, 64, 66, 67], "summary": {"covered_lines": 4, "num_statements": 4, "percent_covered": 100.0, "percent_covered_display": "100", "missing_lines": 0, "excluded_lines": 0}, "missing_lines": [], "excluded_lines": []}, "": {"executed_lines": [1, 7, 9, 10, 11, 12, 13, 14, 15, 16, 17, 18, 21, 52, 70, 72, 77], "summary": {"covered_lines": 16, "num_statements": 16, "percent_covered": 100.0, "percent_covered_display": "100", "missing_lines": 0, "excluded_lines": 0}, "missing_lines": [], "excluded_lines": []}}, "classes": {"": {"executed_lines": [1, 7, 9, 10, 11, 12, 13, 14, 15, 16, 17, 18, 21, 52, 62, 64, 66, 67, 70, 72, 77], "summary": {"covered_lines": 20, "num_statements": 27, "percent_covered": 74.07407407407408, "percent_covered_display": "74", "missing_lines": 7, "excluded_lines": 0}, "missing_lines": [27, 32, 33, 40, 42, 48, 49], "excluded_lines": []}}}, "src/routes.py": {"executed_lines": [1, 7, 8, 9, 11, 12, 14, 27, 30, 31, 34, 37, 49, 71, 82, 100, 101, 102, 103, 107, 110, 131, 143, 154, 172, 173, 174, 175, 179, 182, 183, 184, 200, 201, 211, 220, 231, 249, 250, 251, 252, 254, 258, 261, 269, 271, 281, 287, 331, 336, 367, 373, 407, 413, 430, 435, 464, 469], "summary": {"covered_lines": 56, "num_statements": 89, "percent_covered": 62.92134831460674, "percent_covered_display": "63", "missing_lines": 33, "excluded_lines": 2}, "missing_lines": [46, 62, 63, 67, 68, 300, 302, 303, 304, 319, 349, 351, 352, 353, 354, 356, 393, 395, 396, 397, 398, 400, 426, 427, 453, 455, 457, 487, 489, 490, 491, 492, 494], "excluded_lines": [27, 28], "functions": {"set_model_manager": {"executed_lines": [], "summary": {"covered_lines": 0, "num_statements": 1, "percent_covered": 0.0, "percent_covered_display": "0", "missing_lines": 1, "excluded_lines": 0}, "missing_lines": [46], "excluded_lines": []}, "get_model_manager": {"executed_lines": [], "summary": {"covered_lines": 0, "num_statements": 4, "percent_covered": 0.0, "percent_covered_display": "0", "missing_lines": 4, "excluded_lines": 0}, "missing_lines": [62, 63, 67, 68], "excluded_lines": []}, "summarize_video": {"executed_lines": [100, 101, 102, 103, 107, 110, 131], "summary": {"covered_lines": 7, "num_statements": 7, "percent_covered": 100.0, "percent_covered_display": "100", "missing_lines": 0, "excluded_lines": 0}, "missing_lines": [], "excluded_lines": []}, "augment_ontology": {"executed_lines": [172, 173, 174, 175, 179, 182, 183, 184, 200, 201, 211], "summary": {"covered_lines": 11, "num_statements": 11, "percent_covered": 100.0, "percent_covered_display": "100", "missing_lines": 0, "excluded_lines": 0}, "missing_lines": [], "excluded_lines": []}, "process_detection": {"executed_lines": [249, 250, 251, 252, 254, 258, 261, 269, 271], "summary": {"covered_lines": 9, "num_statements": 9, "percent_covered": 100.0, "percent_covered_display": "100", "missing_lines": 0, "excluded_lines": 0}, "missing_lines": [], "excluded_lines": []}, "get_model_config": {"executed_lines": [], "summary": {"covered_lines": 0, "num_statements": 5, "percent_covered": 0.0, "percent_covered_display": "0", "missing_lines": 5, "excluded_lines": 0}, "missing_lines": [300, 302, 303, 304, 319], "excluded_lines": []}, "get_model_status": {"executed_lines": [], "summary": {"covered_lines": 0, "num_statements": 6, "percent_covered": 0.0, "percent_covered_display": "0", "missing_lines": 6, "excluded_lines": 0}, "missing_lines": [349, 351, 352, 353, 354, 356], "excluded_lines": []}, "select_model": {"executed_lines": [], "summary": {"covered_lines": 0, "num_statements": 6, "percent_covered": 0.0, "percent_covered_display": "0", "missing_lines": 6, "excluded_lines": 0}, "missing_lines": [393, 395, 396, 397, 398, 400], "excluded_lines": []}, "validate_memory_budget": {"executed_lines": [], "summary": {"covered_lines": 0, "num_statements": 2, "percent_covered": 0.0, "percent_covered_display": "0", "missing_lines": 2, "excluded_lines": 0}, "missing_lines": [426, 427], "excluded_lines": []}, "unload_model": {"executed_lines": [], "summary": {"covered_lines": 0, "num_statements": 3, "percent_covered": 0.0, "percent_covered_display": "0", "missing_lines": 3, "excluded_lines": 0}, "missing_lines": [453, 455, 457], "excluded_lines": []}, "load_model": {"executed_lines": [], "summary": {"covered_lines": 0, "num_statements": 6, "percent_covered": 0.0, "percent_covered_display": "0", "missing_lines": 6, "excluded_lines": 0}, "missing_lines": [487, 489, 490, 491, 492, 494], "excluded_lines": []}, "": {"executed_lines": [1, 7, 8, 9, 11, 12, 14, 27, 30, 31, 34, 37, 49, 71, 82, 143, 154, 220, 231, 281, 287, 331, 336, 367, 373, 407, 413, 430, 435, 464, 469], "summary": {"covered_lines": 29, "num_statements": 29, "percent_covered": 100.0, "percent_covered_display": "100", "missing_lines": 0, "excluded_lines": 2}, "missing_lines": [], "excluded_lines": [27, 28]}}, "classes": {"": {"executed_lines": [1, 7, 8, 9, 11, 12, 14, 27, 30, 31, 34, 37, 49, 71, 82, 100, 101, 102, 103, 107, 110, 131, 143, 154, 172, 173, 174, 175, 179, 182, 183, 184, 200, 201, 211, 220, 231, 249, 250, 251, 252, 254, 258, 261, 269, 271, 281, 287, 331, 336, 367, 373, 407, 413, 430, 435, 464, 469], "summary": {"covered_lines": 56, "num_statements": 89, "percent_covered": 62.92134831460674, "percent_covered_display": "63", "missing_lines": 33, "excluded_lines": 2}, "missing_lines": [46, 62, 63, 67, 68, 300, 302, 303, 304, 319, 349, 351, 352, 353, 354, 356, 393, 395, 396, 397, 398, 400, 426, 427, 453, 455, 457, 487, 489, 490, 491, 492, 494], "excluded_lines": [27, 28]}}}, "src/video_utils.py": {"executed_lines": [1, 8, 9, 10, 11, 12, 14, 15, 16, 17, 19, 22, 23, 26, 27, 45, 54, 55, 56, 57, 58, 59, 62, 80, 81, 83, 84, 86, 87, 88, 90, 91, 92, 93, 94, 95, 97, 98, 99, 100, 101, 103, 112, 115, 135, 136, 137, 139, 140, 141, 143, 144, 145, 147, 148, 153, 155, 158, 185, 186, 187, 189, 191, 192, 195, 199, 200, 202, 203, 204, 205, 207, 211, 214, 215, 217, 219, 220, 222, 225, 252, 253, 254, 256, 257, 259, 260, 262, 263, 264, 265, 267, 271, 274, 275, 277, 279, 280, 282, 285, 300, 302, 303, 304, 305, 306, 309, 310, 311, 312, 314, 316, 319, 348, 349, 350, 351, 353, 354, 357, 358, 359, 360, 362, 365, 380, 381, 387, 389, 390, 391, 395, 396, 398, 399, 401, 402, 405, 406, 409, 417, 418, 423, 424, 425], "summary": {"covered_lines": 142, "num_statements": 145, "percent_covered": 97.93103448275862, "percent_covered_display": "98", "missing_lines": 3, "excluded_lines": 0}, "missing_lines": [208, 268, 308], "excluded_lines": [], "functions": {"VideoInfo.__init__": {"executed_lines": [54, 55, 56, 57, 58, 59], "summary": {"covered_lines": 6, "num_statements": 6, "percent_covered": 100.0, "percent_covered_display": "100", "missing_lines": 0, "excluded_lines": 0}, "missing_lines": [], "excluded_lines": []}, "get_video_info": {"executed_lines": [80, 81, 83, 84, 86, 87, 88, 90, 91, 92, 93, 94, 95, 97, 98, 99, 100, 101, 103, 112], "summary": {"covered_lines": 20, "num_statements": 20, "percent_covered": 100.0, "percent_covered_display": "100", "missing_lines": 0, "excluded_lines": 0}, "missing_lines": [], "excluded_lines": []}, "extract_frame": {"executed_lines": [135, 136, 137, 139, 140, 141, 143, 144, 145, 147, 148, 153, 155], "summary": {"covered_lines": 13, "num_statements": 13, "percent_covered": 100.0, "percent_covered_display": "100", "missing_lines": 0, "excluded_lines": 0}, "missing_lines": [], "excluded_lines": []}, "extract_frames_uniform": {"executed_lines": [185, 186, 187, 189, 191, 192, 195, 199, 200, 202, 203, 204, 205, 207, 211, 214, 215, 217, 219, 220, 222], "summary": {"covered_lines": 21, "num_statements": 22, "percent_covered": 95.45454545454545, "percent_covered_display": "95", "missing_lines": 1, "excluded_lines": 0}, "missing_lines": [208], "excluded_lines": []}, "extract_frames_by_rate": {"executed_lines": [252, 253, 254, 256, 257, 259, 260, 262, 263, 264, 265, 267, 271, 274, 275, 277, 279, 280, 282], "summary": {"covered_lines": 19, "num_statements": 20, "percent_covered": 95.0, "percent_covered_display": "95", "missing_lines": 1, "excluded_lines": 0}, "missing_lines": [268], "excluded_lines": []}, "resize_frame": {"executed_lines": [300, 302, 303, 304, 305, 306, 309, 310, 311, 312, 314, 316], "summary": {"covered_lines": 12, "num_statements": 13, "percent_covered": 92.3076923076923, "percent_covered_display": "92", "missing_lines": 1, "excluded_lines": 0}, "missing_lines": [308], "excluded_lines": []}, "extract_audio": {"executed_lines": [348, 349, 350, 351, 353, 354, 357, 358, 359, 360, 362, 365, 380, 381, 387, 389, 390, 391, 395, 396, 398, 399, 401, 402, 405, 406], "summary": {"covered_lines": 26, "num_statements": 26, "percent_covered": 100.0, "percent_covered_display": "100", "missing_lines": 0, "excluded_lines": 0}, "missing_lines": [], "excluded_lines": []}, "check_ffmpeg_available": {"executed_lines": [417, 418, 423, 424, 425], "summary": {"covered_lines": 5, "num_statements": 5, "percent_covered": 100.0, "percent_covered_display": "100", "missing_lines": 0, "excluded_lines": 0}, "missing_lines": [], "excluded_lines": []}, "": {"executed_lines": [1, 8, 9, 10, 11, 12, 14, 15, 16, 17, 19, 22, 23, 26, 27, 45, 62, 115, 158, 225, 285, 319, 409], "summary": {"covered_lines": 20, "num_statements": 20, "percent_covered": 100.0, "percent_covered_display": "100", "missing_lines": 0, "excluded_lines": 0}, "missing_lines": [], "excluded_lines": []}}, "classes": {"VideoProcessingError": {"executed_lines": [], "summary": {"covered_lines": 0, "num_statements": 0, "percent_covered": 100.0, "percent_covered_display": "100", "missing_lines": 0, "excluded_lines": 0}, "missing_lines": [], "excluded_lines": []}, "VideoInfo": {"executed_lines": [54, 55, 56, 57, 58, 59], "summary": {"covered_lines": 6, "num_statements": 6, "percent_covered": 100.0, "percent_covered_display": "100", "missing_lines": 0, "excluded_lines": 0}, "missing_lines": [], "excluded_lines": []}, "": {"executed_lines": [1, 8, 9, 10, 11, 12, 14, 15, 16, 17, 19, 22, 23, 26, 27, 45, 62, 80, 81, 83, 84, 86, 87, 88, 90, 91, 92, 93, 94, 95, 97, 98, 99, 100, 101, 103, 112, 115, 135, 136, 137, 139, 140, 141, 143, 144, 145, 147, 148, 153, 155, 158, 185, 186, 187, 189, 191, 192, 195, 199, 200, 202, 203, 204, 205, 207, 211, 214, 215, 217, 219, 220, 222, 225, 252, 253, 254, 256, 257, 259, 260, 262, 263, 264, 265, 267, 271, 274, 275, 277, 279, 280, 282, 285, 300, 302, 303, 304, 305, 306, 309, 310, 311, 312, 314, 316, 319, 348, 349, 350, 351, 353, 354, 357, 358, 359, 360, 362, 365, 380, 381, 387, 389, 390, 391, 395, 396, 398, 399, 401, 402, 405, 406, 409, 417, 418, 423, 424, 425], "summary": {"covered_lines": 136, "num_statements": 139, "percent_covered": 97.84172661870504, "percent_covered_display": "98", "missing_lines": 3, "excluded_lines": 0}, "missing_lines": [208, 268, 308], "excluded_lines": []}}}}, "totals": {"covered_lines": 485, "num_statements": 545, "percent_covered": 88.9908256880734, "percent_covered_display": "89", "missing_lines": 60, "excluded_lines": 2}}