{"meta": {"format": 3, "version": "7.10.7", "timestamp": "2025-10-01T10:55:25.504477", "branch_coverage": false, "show_contexts": false}, "files": {"src/__init__.py": {"executed_lines": [1], "summary": {"covered_lines": 0, "num_statements": 0, "percent_covered": 100.0, "percent_covered_display": "100", "missing_lines": 0, "excluded_lines": 0}, "missing_lines": [], "excluded_lines": [], "functions": {"": {"executed_lines": [1], "summary": {"covered_lines": 0, "num_statements": 0, "percent_covered": 100.0, "percent_covered_display": "100", "missing_lines": 0, "excluded_lines": 0}, "missing_lines": [], "excluded_lines": []}}, "classes": {"": {"executed_lines": [1], "summary": {"covered_lines": 0, "num_statements": 0, "percent_covered": 100.0, "percent_covered_display": "100", "missing_lines": 0, "excluded_lines": 0}, "missing_lines": [], "excluded_lines": []}}}, "src/main.py": {"executed_lines": [], "summary": {"covered_lines": 0, "num_statements": 37, "percent_covered": 0.0, "percent_covered_display": "0", "missing_lines": 37, "excluded_lines": 0}, "missing_lines": [8, 9, 10, 11, 12, 14, 15, 16, 18, 19, 20, 23, 26, 27, 46, 47, 50, 54, 56, 57, 60, 62, 64, 67, 68, 69, 70, 73, 81, 84, 93, 96, 97, 105, 114, 115, 123], "excluded_lines": [], "functions": {"lifespan": {"executed_lines": [], "summary": {"covered_lines": 0, "num_statements": 13, "percent_covered": 0.0, "percent_covered_display": "0", "missing_lines": 13, "excluded_lines": 0}, "missing_lines": [46, 47, 50, 54, 56, 57, 60, 62, 64, 67, 68, 69, 70], "excluded_lines": []}, "health_check": {"executed_lines": [], "summary": {"covered_lines": 0, "num_statements": 1, "percent_covered": 0.0, "percent_covered_display": "0", "missing_lines": 1, "excluded_lines": 0}, "missing_lines": [105], "excluded_lines": []}, "root": {"executed_lines": [], "summary": {"covered_lines": 0, "num_statements": 1, "percent_covered": 0.0, "percent_covered_display": "0", "missing_lines": 1, "excluded_lines": 0}, "missing_lines": [123], "excluded_lines": []}, "": {"executed_lines": [], "summary": {"covered_lines": 0, "num_statements": 22, "percent_covered": 0.0, "percent_covered_display": "0", "missing_lines": 22, "excluded_lines": 0}, "missing_lines": [8, 9, 10, 11, 12, 14, 15, 16, 18, 19, 20, 23, 26, 27, 73, 81, 84, 93, 96, 97, 114, 115], "excluded_lines": []}}, "classes": {"": {"executed_lines": [], "summary": {"covered_lines": 0, "num_statements": 37, "percent_covered": 0.0, "percent_covered_display": "0", "missing_lines": 37, "excluded_lines": 0}, "missing_lines": [8, 9, 10, 11, 12, 14, 15, 16, 18, 19, 20, 23, 26, 27, 46, 47, 50, 54, 56, 57, 60, 62, 64, 67, 68, 69, 70, 73, 81, 84, 93, 96, 97, 105, 114, 115, 123], "excluded_lines": []}}}, "src/model_manager.py": {"executed_lines": [], "summary": {"covered_lines": 0, "num_statements": 177, "percent_covered": 0.0, "percent_covered_display": "0", "missing_lines": 177, "excluded_lines": 0}, "missing_lines": [8, 9, 10, 11, 12, 14, 15, 16, 18, 19, 22, 43, 51, 52, 53, 54, 55, 56, 57, 59, 60, 68, 71, 84, 94, 95, 96, 101, 109, 112, 129, 137, 138, 139, 140, 141, 144, 169, 177, 178, 179, 180, 181, 183, 185, 200, 201, 203, 204, 206, 211, 213, 215, 222, 223, 225, 226, 227, 228, 230, 237, 238, 240, 241, 243, 250, 251, 252, 254, 255, 257, 267, 268, 270, 277, 278, 279, 281, 282, 289, 290, 291, 292, 294, 295, 296, 298, 299, 306, 307, 308, 310, 311, 312, 313, 315, 316, 318, 320, 321, 338, 339, 341, 342, 343, 344, 346, 347, 349, 354, 355, 356, 358, 359, 360, 364, 366, 368, 369, 371, 372, 373, 375, 380, 382, 398, 402, 409, 419, 420, 421, 423, 425, 432, 433, 434, 439, 441, 451, 453, 467, 468, 470, 471, 472, 476, 477, 479, 481, 485, 486, 487, 489, 496, 497, 498, 500, 501, 502, 506, 508, 509, 511, 520, 522, 523, 524, 526, 527, 528, 529, 530, 531, 533, 535, 536, 537], "excluded_lines": [], "functions": {"ModelConfig.__init__": {"executed_lines": [], "summary": {"covered_lines": 0, "num_statements": 7, "percent_covered": 0.0, "percent_covered_display": "0", "missing_lines": 7, "excluded_lines": 0}, "missing_lines": [51, 52, 53, 54, 55, 56, 57], "excluded_lines": []}, "ModelConfig.vram_bytes": {"executed_lines": [], "summary": {"covered_lines": 0, "num_statements": 1, "percent_covered": 0.0, "percent_covered_display": "0", "missing_lines": 1, "excluded_lines": 0}, "missing_lines": [68], "excluded_lines": []}, "TaskConfig.__init__": {"executed_lines": [], "summary": {"covered_lines": 0, "num_statements": 3, "percent_covered": 0.0, "percent_covered_display": "0", "missing_lines": 3, "excluded_lines": 0}, "missing_lines": [94, 95, 96], "excluded_lines": []}, "TaskConfig.get_selected_config": {"executed_lines": [], "summary": {"covered_lines": 0, "num_statements": 1, "percent_covered": 0.0, "percent_covered_display": "0", "missing_lines": 1, "excluded_lines": 0}, "missing_lines": [109], "excluded_lines": []}, "InferenceConfig.__init__": {"executed_lines": [], "summary": {"covered_lines": 0, "num_statements": 5, "percent_covered": 0.0, "percent_covered_display": "0", "missing_lines": 5, "excluded_lines": 0}, "missing_lines": [137, 138, 139, 140, 141], "excluded_lines": []}, "ModelManager.__init__": {"executed_lines": [], "summary": {"covered_lines": 0, "num_statements": 6, "percent_covered": 0.0, "percent_covered_display": "0", "missing_lines": 6, "excluded_lines": 0}, "missing_lines": [177, 178, 179, 180, 181, 183], "excluded_lines": []}, "ModelManager._load_config": {"executed_lines": [], "summary": {"covered_lines": 0, "num_statements": 7, "percent_covered": 0.0, "percent_covered_display": "0", "missing_lines": 7, "excluded_lines": 0}, "missing_lines": [200, 201, 203, 204, 206, 211, 213], "excluded_lines": []}, "ModelManager.get_available_vram": {"executed_lines": [], "summary": {"covered_lines": 0, "num_statements": 6, "percent_covered": 0.0, "percent_covered_display": "0", "missing_lines": 6, "excluded_lines": 0}, "missing_lines": [222, 223, 225, 226, 227, 228], "excluded_lines": []}, "ModelManager.get_total_vram": {"executed_lines": [], "summary": {"covered_lines": 0, "num_statements": 4, "percent_covered": 0.0, "percent_covered_display": "0", "missing_lines": 4, "excluded_lines": 0}, "missing_lines": [237, 238, 240, 241], "excluded_lines": []}, "ModelManager.get_memory_usage_percentage": {"executed_lines": [], "summary": {"covered_lines": 0, "num_statements": 5, "percent_covered": 0.0, "percent_covered_display": "0", "missing_lines": 5, "excluded_lines": 0}, "missing_lines": [250, 251, 252, 254, 255], "excluded_lines": []}, "ModelManager.check_memory_available": {"executed_lines": [], "summary": {"covered_lines": 0, "num_statements": 2, "percent_covered": 0.0, "percent_covered_display": "0", "missing_lines": 2, "excluded_lines": 0}, "missing_lines": [267, 268], "excluded_lines": []}, "ModelManager.get_lru_model": {"executed_lines": [], "summary": {"covered_lines": 0, "num_statements": 3, "percent_covered": 0.0, "percent_covered_display": "0", "missing_lines": 3, "excluded_lines": 0}, "missing_lines": [277, 278, 279], "excluded_lines": []}, "ModelManager.evict_lru_model": {"executed_lines": [], "summary": {"covered_lines": 0, "num_statements": 7, "percent_covered": 0.0, "percent_covered_display": "0", "missing_lines": 7, "excluded_lines": 0}, "missing_lines": [289, 290, 291, 292, 294, 295, 296], "excluded_lines": []}, "ModelManager.unload_model": {"executed_lines": [], "summary": {"covered_lines": 0, "num_statements": 10, "percent_covered": 0.0, "percent_covered_display": "0", "missing_lines": 10, "excluded_lines": 0}, "missing_lines": [306, 307, 308, 310, 311, 312, 313, 315, 316, 318], "excluded_lines": []}, "ModelManager.load_model": {"executed_lines": [], "summary": {"covered_lines": 0, "num_statements": 24, "percent_covered": 0.0, "percent_covered_display": "0", "missing_lines": 24, "excluded_lines": 0}, "missing_lines": [338, 339, 341, 342, 343, 344, 346, 347, 349, 354, 355, 356, 358, 359, 360, 364, 366, 368, 369, 371, 372, 373, 375, 380], "excluded_lines": []}, "ModelManager._load_model_implementation": {"executed_lines": [], "summary": {"covered_lines": 0, "num_statements": 2, "percent_covered": 0.0, "percent_covered_display": "0", "missing_lines": 2, "excluded_lines": 0}, "missing_lines": [398, 402], "excluded_lines": []}, "ModelManager.get_model": {"executed_lines": [], "summary": {"covered_lines": 0, "num_statements": 4, "percent_covered": 0.0, "percent_covered_display": "0", "missing_lines": 4, "excluded_lines": 0}, "missing_lines": [419, 420, 421, 423], "excluded_lines": []}, "ModelManager.get_loaded_models": {"executed_lines": [], "summary": {"covered_lines": 0, "num_statements": 4, "percent_covered": 0.0, "percent_covered_display": "0", "missing_lines": 4, "excluded_lines": 0}, "missing_lines": [432, 433, 434, 439], "excluded_lines": []}, "ModelManager.get_model_config": {"executed_lines": [], "summary": {"covered_lines": 0, "num_statements": 1, "percent_covered": 0.0, "percent_covered_display": "0", "missing_lines": 1, "excluded_lines": 0}, "missing_lines": [451], "excluded_lines": []}, "ModelManager.set_selected_model": {"executed_lines": [], "summary": {"covered_lines": 0, "num_statements": 12, "percent_covered": 0.0, "percent_covered_display": "0", "missing_lines": 12, "excluded_lines": 0}, "missing_lines": [467, 468, 470, 471, 472, 476, 477, 479, 481, 485, 486, 487], "excluded_lines": []}, "ModelManager.validate_memory_budget": {"executed_lines": [], "summary": {"covered_lines": 0, "num_statements": 10, "percent_covered": 0.0, "percent_covered_display": "0", "missing_lines": 10, "excluded_lines": 0}, "missing_lines": [496, 497, 498, 500, 501, 502, 506, 508, 509, 511], "excluded_lines": []}, "ModelManager.warmup_models": {"executed_lines": [], "summary": {"covered_lines": 0, "num_statements": 9, "percent_covered": 0.0, "percent_covered_display": "0", "missing_lines": 9, "excluded_lines": 0}, "missing_lines": [522, 523, 524, 526, 527, 528, 529, 530, 531], "excluded_lines": []}, "ModelManager.shutdown": {"executed_lines": [], "summary": {"covered_lines": 0, "num_statements": 3, "percent_covered": 0.0, "percent_covered_display": "0", "missing_lines": 3, "excluded_lines": 0}, "missing_lines": [535, 536, 537], "excluded_lines": []}, "": {"executed_lines": [], "summary": {"covered_lines": 0, "num_statements": 41, "percent_covered": 0.0, "percent_covered_display": "0", "missing_lines": 41, "excluded_lines": 0}, "missing_lines": [8, 9, 10, 11, 12, 14, 15, 16, 18, 19, 22, 43, 59, 60, 71, 84, 101, 112, 129, 144, 169, 185, 215, 230, 243, 257, 270, 281, 282, 298, 299, 320, 321, 382, 409, 425, 441, 453, 489, 520, 533], "excluded_lines": []}}, "classes": {"ModelConfig": {"executed_lines": [], "summary": {"covered_lines": 0, "num_statements": 8, "percent_covered": 0.0, "percent_covered_display": "0", "missing_lines": 8, "excluded_lines": 0}, "missing_lines": [51, 52, 53, 54, 55, 56, 57, 68], "excluded_lines": []}, "TaskConfig": {"executed_lines": [], "summary": {"covered_lines": 0, "num_statements": 4, "percent_covered": 0.0, "percent_covered_display": "0", "missing_lines": 4, "excluded_lines": 0}, "missing_lines": [94, 95, 96, 109], "excluded_lines": []}, "InferenceConfig": {"executed_lines": [], "summary": {"covered_lines": 0, "num_statements": 5, "percent_covered": 0.0, "percent_covered_display": "0", "missing_lines": 5, "excluded_lines": 0}, "missing_lines": [137, 138, 139, 140, 141], "excluded_lines": []}, "ModelManager": {"executed_lines": [], "summary": {"covered_lines": 0, "num_statements": 119, "percent_covered": 0.0, "percent_covered_display": "0", "missing_lines": 119, "excluded_lines": 0}, "missing_lines": [177, 178, 179, 180, 181, 183, 200, 201, 203, 204, 206, 211, 213, 222, 223, 225, 226, 227, 228, 237, 238, 240, 241, 250, 251, 252, 254, 255, 267, 268, 277, 278, 279, 289, 290, 291, 292, 294, 295, 296, 306, 307, 308, 310, 311, 312, 313, 315, 316, 318, 338, 339, 341, 342, 343, 344, 346, 347, 349, 354, 355, 356, 358, 359, 360, 364, 366, 368, 369, 371, 372, 373, 375, 380, 398, 402, 419, 420, 421, 423, 432, 433, 434, 439, 451, 467, 468, 470, 471, 472, 476, 477, 479, 481, 485, 486, 487, 496, 497, 498, 500, 501, 502, 506, 508, 509, 511, 522, 523, 524, 526, 527, 528, 529, 530, 531, 535, 536, 537], "excluded_lines": []}, "": {"executed_lines": [], "summary": {"covered_lines": 0, "num_statements": 41, "percent_covered": 0.0, "percent_covered_display": "0", "missing_lines": 41, "excluded_lines": 0}, "missing_lines": [8, 9, 10, 11, 12, 14, 15, 16, 18, 19, 22, 43, 59, 60, 71, 84, 101, 112, 129, 144, 169, 185, 215, 230, 243, 257, 270, 281, 282, 298, 299, 320, 321, 382, 409, 425, 441, 453, 489, 520, 533], "excluded_lines": []}}}, "src/models.py": {"executed_lines": [], "summary": {"covered_lines": 0, "num_statements": 70, "percent_covered": 0.0, "percent_covered_display": "0", "missing_lines": 70, "excluded_lines": 0}, "missing_lines": [7, 9, 12, 18, 19, 20, 23, 28, 34, 35, 36, 37, 42, 48, 49, 50, 51, 52, 55, 58, 61, 66, 72, 73, 74, 75, 78, 83, 89, 90, 91, 94, 97, 102, 108, 109, 110, 111, 112, 117, 123, 124, 125, 126, 129, 135, 136, 137, 140, 145, 151, 152, 153, 156, 159, 164, 170, 171, 172, 175, 181, 182, 183, 184, 185, 188, 191, 197, 198, 199], "excluded_lines": [], "functions": {"": {"executed_lines": [], "summary": {"covered_lines": 0, "num_statements": 70, "percent_covered": 0.0, "percent_covered_display": "0", "missing_lines": 70, "excluded_lines": 0}, "missing_lines": [7, 9, 12, 18, 19, 20, 23, 28, 34, 35, 36, 37, 42, 48, 49, 50, 51, 52, 55, 58, 61, 66, 72, 73, 74, 75, 78, 83, 89, 90, 91, 94, 97, 102, 108, 109, 110, 111, 112, 117, 123, 124, 125, 126, 129, 135, 136, 137, 140, 145, 151, 152, 153, 156, 159, 164, 170, 171, 172, 175, 181, 182, 183, 184, 185, 188, 191, 197, 198, 199], "excluded_lines": []}}, "classes": {"SummarizeRequest": {"executed_lines": [], "summary": {"covered_lines": 0, "num_statements": 0, "percent_covered": 100.0, "percent_covered_display": "100", "missing_lines": 0, "excluded_lines": 0}, "missing_lines": [], "excluded_lines": []}, "KeyFrame": {"executed_lines": [], "summary": {"covered_lines": 0, "num_statements": 0, "percent_covered": 100.0, "percent_covered_display": "100", "missing_lines": 0, "excluded_lines": 0}, "missing_lines": [], "excluded_lines": []}, "SummarizeResponse": {"executed_lines": [], "summary": {"covered_lines": 0, "num_statements": 0, "percent_covered": 100.0, "percent_covered_display": "100", "missing_lines": 0, "excluded_lines": 0}, "missing_lines": [], "excluded_lines": []}, "OntologyType": {"executed_lines": [], "summary": {"covered_lines": 0, "num_statements": 0, "percent_covered": 100.0, "percent_covered_display": "100", "missing_lines": 0, "excluded_lines": 0}, "missing_lines": [], "excluded_lines": []}, "AugmentRequest": {"executed_lines": [], "summary": {"covered_lines": 0, "num_statements": 0, "percent_covered": 100.0, "percent_covered_display": "100", "missing_lines": 0, "excluded_lines": 0}, "missing_lines": [], "excluded_lines": []}, "AugmentResponse": {"executed_lines": [], "summary": {"covered_lines": 0, "num_statements": 0, "percent_covered": 100.0, "percent_covered_display": "100", "missing_lines": 0, "excluded_lines": 0}, "missing_lines": [], "excluded_lines": []}, "BoundingBox": {"executed_lines": [], "summary": {"covered_lines": 0, "num_statements": 0, "percent_covered": 100.0, "percent_covered_display": "100", "missing_lines": 0, "excluded_lines": 0}, "missing_lines": [], "excluded_lines": []}, "Detection": {"executed_lines": [], "summary": {"covered_lines": 0, "num_statements": 0, "percent_covered": 100.0, "percent_covered_display": "100", "missing_lines": 0, "excluded_lines": 0}, "missing_lines": [], "excluded_lines": []}, "DetectionRequest": {"executed_lines": [], "summary": {"covered_lines": 0, "num_statements": 0, "percent_covered": 100.0, "percent_covered_display": "100", "missing_lines": 0, "excluded_lines": 0}, "missing_lines": [], "excluded_lines": []}, "FrameDetections": {"executed_lines": [], "summary": {"covered_lines": 0, "num_statements": 0, "percent_covered": 100.0, "percent_covered_display": "100", "missing_lines": 0, "excluded_lines": 0}, "missing_lines": [], "excluded_lines": []}, "DetectionResponse": {"executed_lines": [], "summary": {"covered_lines": 0, "num_statements": 0, "percent_covered": 100.0, "percent_covered_display": "100", "missing_lines": 0, "excluded_lines": 0}, "missing_lines": [], "excluded_lines": []}, "ErrorResponse": {"executed_lines": [], "summary": {"covered_lines": 0, "num_statements": 0, "percent_covered": 100.0, "percent_covered_display": "100", "missing_lines": 0, "excluded_lines": 0}, "missing_lines": [], "excluded_lines": []}, "": {"executed_lines": [], "summary": {"covered_lines": 0, "num_statements": 70, "percent_covered": 0.0, "percent_covered_display": "0", "missing_lines": 70, "excluded_lines": 0}, "missing_lines": [7, 9, 12, 18, 19, 20, 23, 28, 34, 35, 36, 37, 42, 48, 49, 50, 51, 52, 55, 58, 61, 66, 72, 73, 74, 75, 78, 83, 89, 90, 91, 94, 97, 102, 108, 109, 110, 111, 112, 117, 123, 124, 125, 126, 129, 135, 136, 137, 140, 145, 151, 152, 153, 156, 159, 164, 170, 171, 172, 175, 181, 182, 183, 184, 185, 188, 191, 197, 198, 199], "excluded_lines": []}}}, "src/observability.py": {"executed_lines": [], "summary": {"covered_lines": 0, "num_statements": 27, "percent_covered": 0.0, "percent_covered_display": "0", "missing_lines": 27, "excluded_lines": 0}, "missing_lines": [7, 9, 10, 11, 12, 13, 14, 15, 16, 17, 18, 21, 27, 32, 33, 40, 42, 48, 49, 52, 62, 64, 66, 67, 70, 72, 77], "excluded_lines": [], "functions": {"configure_observability": {"executed_lines": [], "summary": {"covered_lines": 0, "num_statements": 7, "percent_covered": 0.0, "percent_covered_display": "0", "missing_lines": 7, "excluded_lines": 0}, "missing_lines": [27, 32, 33, 40, 42, 48, 49], "excluded_lines": []}, "instrument_app": {"executed_lines": [], "summary": {"covered_lines": 0, "num_statements": 4, "percent_covered": 0.0, "percent_covered_display": "0", "missing_lines": 4, "excluded_lines": 0}, "missing_lines": [62, 64, 66, 67], "excluded_lines": []}, "": {"executed_lines": [], "summary": {"covered_lines": 0, "num_statements": 16, "percent_covered": 0.0, "percent_covered_display": "0", "missing_lines": 16, "excluded_lines": 0}, "missing_lines": [7, 9, 10, 11, 12, 13, 14, 15, 16, 17, 18, 21, 52, 70, 72, 77], "excluded_lines": []}}, "classes": {"": {"executed_lines": [], "summary": {"covered_lines": 0, "num_statements": 27, "percent_covered": 0.0, "percent_covered_display": "0", "missing_lines": 27, "excluded_lines": 0}, "missing_lines": [7, 9, 10, 11, 12, 13, 14, 15, 16, 17, 18, 21, 27, 32, 33, 40, 42, 48, 49, 52, 62, 64, 66, 67, 70, 72, 77], "excluded_lines": []}}}, "src/routes.py": {"executed_lines": [], "summary": {"covered_lines": 0, "num_statements": 89, "percent_covered": 0.0, "percent_covered_display": "0", "missing_lines": 89, "excluded_lines": 2}, "missing_lines": [7, 8, 9, 11, 12, 14, 30, 31, 34, 37, 46, 49, 62, 63, 67, 68, 71, 82, 100, 101, 102, 103, 107, 110, 131, 143, 154, 172, 173, 174, 175, 179, 182, 183, 184, 200, 201, 211, 220, 231, 249, 250, 251, 252, 254, 258, 261, 269, 271, 281, 287, 300, 302, 303, 304, 319, 331, 336, 349, 351, 352, 353, 354, 356, 367, 373, 393, 395, 396, 397, 398, 400, 407, 413, 426, 427, 430, 435, 453, 455, 457, 464, 469, 487, 489, 490, 491, 492, 494], "excluded_lines": [27, 28], "functions": {"set_model_manager": {"executed_lines": [], "summary": {"covered_lines": 0, "num_statements": 1, "percent_covered": 0.0, "percent_covered_display": "0", "missing_lines": 1, "excluded_lines": 0}, "missing_lines": [46], "excluded_lines": []}, "get_model_manager": {"executed_lines": [], "summary": {"covered_lines": 0, "num_statements": 4, "percent_covered": 0.0, "percent_covered_display": "0", "missing_lines": 4, "excluded_lines": 0}, "missing_lines": [62, 63, 67, 68], "excluded_lines": []}, "summarize_video": {"executed_lines": [], "summary": {"covered_lines": 0, "num_statements": 7, "percent_covered": 0.0, "percent_covered_display": "0", "missing_lines": 7, "excluded_lines": 0}, "missing_lines": [100, 101, 102, 103, 107, 110, 131], "excluded_lines": []}, "augment_ontology": {"executed_lines": [], "summary": {"covered_lines": 0, "num_statements": 11, "percent_covered": 0.0, "percent_covered_display": "0", "missing_lines": 11, "excluded_lines": 0}, "missing_lines": [172, 173, 174, 175, 179, 182, 183, 184, 200, 201, 211], "excluded_lines": []}, "process_detection": {"executed_lines": [], "summary": {"covered_lines": 0, "num_statements": 9, "percent_covered": 0.0, "percent_covered_display": "0", "missing_lines": 9, "excluded_lines": 0}, "missing_lines": [249, 250, 251, 252, 254, 258, 261, 269, 271], "excluded_lines": []}, "get_model_config": {"executed_lines": [], "summary": {"covered_lines": 0, "num_statements": 5, "percent_covered": 0.0, "percent_covered_display": "0", "missing_lines": 5, "excluded_lines": 0}, "missing_lines": [300, 302, 303, 304, 319], "excluded_lines": []}, "get_model_status": {"executed_lines": [], "summary": {"covered_lines": 0, "num_statements": 6, "percent_covered": 0.0, "percent_covered_display": "0", "missing_lines": 6, "excluded_lines": 0}, "missing_lines": [349, 351, 352, 353, 354, 356], "excluded_lines": []}, "select_model": {"executed_lines": [], "summary": {"covered_lines": 0, "num_statements": 6, "percent_covered": 0.0, "percent_covered_display": "0", "missing_lines": 6, "excluded_lines": 0}, "missing_lines": [393, 395, 396, 397, 398, 400], "excluded_lines": []}, "validate_memory_budget": {"executed_lines": [], "summary": {"covered_lines": 0, "num_statements": 2, "percent_covered": 0.0, "percent_covered_display": "0", "missing_lines": 2, "excluded_lines": 0}, "missing_lines": [426, 427], "excluded_lines": []}, "unload_model": {"executed_lines": [], "summary": {"covered_lines": 0, "num_statements": 3, "percent_covered": 0.0, "percent_covered_display": "0", "missing_lines": 3, "excluded_lines": 0}, "missing_lines": [453, 455, 457], "excluded_lines": []}, "load_model": {"executed_lines": [], "summary": {"covered_lines": 0, "num_statements": 6, "percent_covered": 0.0, "percent_covered_display": "0", "missing_lines": 6, "excluded_lines": 0}, "missing_lines": [487, 489, 490, 491, 492, 494], "excluded_lines": []}, "": {"executed_lines": [], "summary": {"covered_lines": 0, "num_statements": 29, "percent_covered": 0.0, "percent_covered_display": "0", "missing_lines": 29, "excluded_lines": 2}, "missing_lines": [7, 8, 9, 11, 12, 14, 30, 31, 34, 37, 49, 71, 82, 143, 154, 220, 231, 281, 287, 331, 336, 367, 373, 407, 413, 430, 435, 464, 469], "excluded_lines": [27, 28]}}, "classes": {"": {"executed_lines": [], "summary": {"covered_lines": 0, "num_statements": 89, "percent_covered": 0.0, "percent_covered_display": "0", "missing_lines": 89, "excluded_lines": 2}, "missing_lines": [7, 8, 9, 11, 12, 14, 30, 31, 34, 37, 46, 49, 62, 63, 67, 68, 71, 82, 100, 101, 102, 103, 107, 110, 131, 143, 154, 172, 173, 174, 175, 179, 182, 183, 184, 200, 201, 211, 220, 231, 249, 250, 251, 252, 254, 258, 261, 269, 271, 281, 287, 300, 302, 303, 304, 319, 331, 336, 349, 351, 352, 353, 354, 356, 367, 373, 393, 395, 396, 397, 398, 400, 407, 413, 426, 427, 430, 435, 453, 455, 457, 464, 469, 487, 489, 490, 491, 492, 494], "excluded_lines": [27, 28]}}}, "src/video_utils.py": {"executed_lines": [], "summary": {"covered_lines": 0, "num_statements": 145, "percent_covered": 0.0, "percent_covered_display": "0", "missing_lines": 145, "excluded_lines": 0}, "missing_lines": [8, 9, 10, 11, 12, 14, 15, 16, 17, 19, 22, 26, 45, 54, 55, 56, 57, 58, 59, 62, 80, 81, 83, 84, 86, 87, 88, 90, 91, 92, 93, 94, 95, 97, 98, 99, 100, 101, 103, 112, 115, 135, 136, 137, 139, 140, 141, 143, 144, 145, 147, 148, 153, 155, 158, 185, 186, 187, 189, 191, 192, 195, 199, 200, 202, 203, 204, 205, 207, 208, 211, 214, 215, 217, 219, 220, 222, 225, 252, 253, 254, 256, 257, 259, 260, 262, 263, 264, 265, 267, 268, 271, 274, 275, 277, 279, 280, 282, 285, 300, 302, 303, 304, 305, 306, 308, 309, 310, 311, 312, 314, 316, 319, 348, 349, 350, 351, 353, 354, 357, 358, 359, 360, 362, 365, 380, 381, 387, 389, 390, 391, 395, 396, 398, 399, 401, 402, 405, 406, 409, 417, 418, 423, 424, 425], "excluded_lines": [], "functions": {"VideoInfo.__init__": {"executed_lines": [], "summary": {"covered_lines": 0, "num_statements": 6, "percent_covered": 0.0, "percent_covered_display": "0", "missing_lines": 6, "excluded_lines": 0}, "missing_lines": [54, 55, 56, 57, 58, 59], "excluded_lines": []}, "get_video_info": {"executed_lines": [], "summary": {"covered_lines": 0, "num_statements": 20, "percent_covered": 0.0, "percent_covered_display": "0", "missing_lines": 20, "excluded_lines": 0}, "missing_lines": [80, 81, 83, 84, 86, 87, 88, 90, 91, 92, 93, 94, 95, 97, 98, 99, 100, 101, 103, 112], "excluded_lines": []}, "extract_frame": {"executed_lines": [], "summary": {"covered_lines": 0, "num_statements": 13, "percent_covered": 0.0, "percent_covered_display": "0", "missing_lines": 13, "excluded_lines": 0}, "missing_lines": [135, 136, 137, 139, 140, 141, 143, 144, 145, 147, 148, 153, 155], "excluded_lines": []}, "extract_frames_uniform": {"executed_lines": [], "summary": {"covered_lines": 0, "num_statements": 22, "percent_covered": 0.0, "percent_covered_display": "0", "missing_lines": 22, "excluded_lines": 0}, "missing_lines": [185, 186, 187, 189, 191, 192, 195, 199, 200, 202, 203, 204, 205, 207, 208, 211, 214, 215, 217, 219, 220, 222], "excluded_lines": []}, "extract_frames_by_rate": {"executed_lines": [], "summary": {"covered_lines": 0, "num_statements": 20, "percent_covered": 0.0, "percent_covered_display": "0", "missing_lines": 20, "excluded_lines": 0}, "missing_lines": [252, 253, 254, 256, 257, 259, 260, 262, 263, 264, 265, 267, 268, 271, 274, 275, 277, 279, 280, 282], "excluded_lines": []}, "resize_frame": {"executed_lines": [], "summary": {"covered_lines": 0, "num_statements": 13, "percent_covered": 0.0, "percent_covered_display": "0", "missing_lines": 13, "excluded_lines": 0}, "missing_lines": [300, 302, 303, 304, 305, 306, 308, 309, 310, 311, 312, 314, 316], "excluded_lines": []}, "extract_audio": {"executed_lines": [], "summary": {"covered_lines": 0, "num_statements": 26, "percent_covered": 0.0, "percent_covered_display": "0", "missing_lines": 26, "excluded_lines": 0}, "missing_lines": [348, 349, 350, 351, 353, 354, 357, 358, 359, 360, 362, 365, 380, 381, 387, 389, 390, 391, 395, 396, 398, 399, 401, 402, 405, 406], "excluded_lines": []}, "check_ffmpeg_available": {"executed_lines": [], "summary": {"covered_lines": 0, "num_statements": 5, "percent_covered": 0.0, "percent_covered_display": "0", "missing_lines": 5, "excluded_lines": 0}, "missing_lines": [417, 418, 423, 424, 425], "excluded_lines": []}, "": {"executed_lines": [], "summary": {"covered_lines": 0, "num_statements": 20, "percent_covered": 0.0, "percent_covered_display": "0", "missing_lines": 20, "excluded_lines": 0}, "missing_lines": [8, 9, 10, 11, 12, 14, 15, 16, 17, 19, 22, 26, 45, 62, 115, 158, 225, 285, 319, 409], "excluded_lines": []}}, "classes": {"VideoProcessingError": {"executed_lines": [], "summary": {"covered_lines": 0, "num_statements": 0, "percent_covered": 100.0, "percent_covered_display": "100", "missing_lines": 0, "excluded_lines": 0}, "missing_lines": [], "excluded_lines": []}, "VideoInfo": {"executed_lines": [], "summary": {"covered_lines": 0, "num_statements": 6, "percent_covered": 0.0, "percent_covered_display": "0", "missing_lines": 6, "excluded_lines": 0}, "missing_lines": [54, 55, 56, 57, 58, 59], "excluded_lines": []}, "": {"executed_lines": [], "summary": {"covered_lines": 0, "num_statements": 139, "percent_covered": 0.0, "percent_covered_display": "0", "missing_lines": 139, "excluded_lines": 0}, "missing_lines": [8, 9, 10, 11, 12, 14, 15, 16, 17, 19, 22, 26, 45, 62, 80, 81, 83, 84, 86, 87, 88, 90, 91, 92, 93, 94, 95, 97, 98, 99, 100, 101, 103, 112, 115, 135, 136, 137, 139, 140, 141, 143, 144, 145, 147, 148, 153, 155, 158, 185, 186, 187, 189, 191, 192, 195, 199, 200, 202, 203, 204, 205, 207, 208, 211, 214, 215, 217, 219, 220, 222, 225, 252, 253, 254, 256, 257, 259, 260, 262, 263, 264, 265, 267, 268, 271, 274, 275, 277, 279, 280, 282, 285, 300, 302, 303, 304, 305, 306, 308, 309, 310, 311, 312, 314, 316, 319, 348, 349, 350, 351, 353, 354, 357, 358, 359, 360, 362, 365, 380, 381, 387, 389, 390, 391, 395, 396, 398, 399, 401, 402, 405, 406, 409, 417, 418, 423, 424, 425], "excluded_lines": []}}}, "src/vlm_loader.py": {"executed_lines": [1, 9, 10, 11, 12, 13, 15, 16, 17, 26, 29, 30, 32, 33, 34, 35, 38, 39, 41, 42, 43, 46, 47, 48, 66, 67, 68, 69, 70, 71, 74, 75, 80, 88, 89, 90, 91, 93, 94, 104, 105, 137, 139, 140, 141, 142, 143, 144, 145, 146, 147, 148, 149, 150, 152, 160, 161, 167, 168, 172, 175, 176, 182, 184, 185, 190, 192, 195, 197, 202, 229, 254, 256, 258, 261, 265, 272, 274, 282, 283, 285, 286, 290, 294, 301, 321, 342, 350, 353, 354, 356, 357, 364, 367, 368, 374, 376, 377, 382, 384, 387, 389, 394, 416, 436, 438, 440, 442, 445, 449, 456, 458, 485, 505, 525, 550, 551, 557, 559, 560, 564, 565, 570, 573, 575, 579, 586, 588, 596, 599, 600, 601, 602, 605, 607, 613, 624, 625, 631, 633, 634, 639, 642, 644, 649, 671, 673, 675, 677, 680, 684, 691, 693, 716, 736, 761, 762, 768, 770, 771, 776, 778, 781, 783, 788, 812, 834, 837, 839, 842, 846, 853, 855, 863, 866, 867, 871, 875, 882, 902, 922, 930, 933, 943, 946, 947, 954, 956, 957, 964, 967, 992, 994, 995, 996, 997, 998, 999, 1000, 1001, 1002, 1003, 1004], "summary": {"covered_lines": 193, "num_statements": 400, "percent_covered": 48.25, "percent_covered_display": "48", "missing_lines": 207, "excluded_lines": 0}, "missing_lines": [102, 135, 191, 193, 198, 199, 200, 204, 205, 207, 208, 209, 210, 211, 213, 220, 221, 222, 223, 224, 225, 226, 227, 231, 232, 234, 235, 236, 237, 238, 240, 246, 247, 248, 249, 250, 251, 252, 287, 291, 297, 298, 299, 309, 311, 312, 313, 314, 315, 316, 318, 319, 329, 331, 336, 340, 351, 383, 385, 390, 391, 392, 396, 397, 399, 400, 401, 403, 410, 411, 412, 413, 414, 418, 419, 421, 422, 423, 425, 431, 432, 433, 434, 466, 467, 469, 470, 471, 474, 475, 478, 481, 482, 483, 493, 495, 496, 497, 498, 499, 500, 502, 503, 513, 515, 519, 523, 533, 534, 536, 537, 539, 540, 547, 566, 567, 568, 597, 619, 620, 621, 640, 645, 646, 647, 651, 652, 654, 655, 656, 657, 658, 660, 666, 667, 668, 669, 701, 702, 704, 705, 706, 709, 712, 713, 714, 724, 726, 730, 734, 744, 745, 747, 748, 750, 751, 758, 777, 779, 784, 785, 786, 790, 791, 793, 794, 795, 796, 797, 799, 806, 807, 808, 809, 810, 814, 815, 817, 818, 819, 820, 821, 823, 829, 830, 831, 832, 864, 868, 872, 878, 879, 880, 890, 892, 893, 894, 895, 896, 897, 899, 900, 910, 912, 916, 920, 931], "excluded_lines": [], "functions": {"VLMLoader.__init__": {"executed_lines": [88, 89, 90, 91], "summary": {"covered_lines": 4, "num_statements": 4, "percent_covered": 100.0, "percent_covered_display": "100", "missing_lines": 0, "excluded_lines": 0}, "missing_lines": [], "excluded_lines": []}, "VLMLoader.load": {"executed_lines": [], "summary": {"covered_lines": 0, "num_statements": 1, "percent_covered": 0.0, "percent_covered_display": "0", "missing_lines": 1, "excluded_lines": 0}, "missing_lines": [102], "excluded_lines": []}, "VLMLoader.generate": {"executed_lines": [], "summary": {"covered_lines": 0, "num_statements": 1, "percent_covered": 0.0, "percent_covered_display": "0", "missing_lines": 1, "excluded_lines": 0}, "missing_lines": [135], "excluded_lines": []}, "VLMLoader.unload": {"executed_lines": [139, 140, 141, 142, 143, 144, 145, 146, 147, 148, 149, 150], "summary": {"covered_lines": 12, "num_statements": 12, "percent_covered": 100.0, "percent_covered_display": "100", "missing_lines": 0, "excluded_lines": 0}, "missing_lines": [], "excluded_lines": []}, "VLMLoader._get_quantization_config": {"executed_lines": [160, 161, 167, 168, 172], "summary": {"covered_lines": 5, "num_statements": 5, "percent_covered": 100.0, "percent_covered_display": "100", "missing_lines": 0, "excluded_lines": 0}, "missing_lines": [], "excluded_lines": []}, "Llama4MaverickLoader.load": {"executed_lines": [184, 185, 190, 192, 195, 197], "summary": {"covered_lines": 6, "num_statements": 11, "percent_covered": 54.54545454545455, "percent_covered_display": "55", "missing_lines": 5, "excluded_lines": 0}, "missing_lines": [191, 193, 198, 199, 200], "excluded_lines": []}, "Llama4MaverickLoader._load_with_sglang": {"executed_lines": [], "summary": {"covered_lines": 0, "num_statements": 16, "percent_covered": 0.0, "percent_covered_display": "0", "missing_lines": 16, "excluded_lines": 0}, "missing_lines": [204, 205, 207, 208, 209, 210, 211, 213, 220, 221, 222, 223, 224, 225, 226, 227], "excluded_lines": []}, "Llama4MaverickLoader._load_with_vllm": {"executed_lines": [], "summary": {"covered_lines": 0, "num_statements": 15, "percent_covered": 0.0, "percent_covered_display": "0", "missing_lines": 15, "excluded_lines": 0}, "missing_lines": [231, 232, 234, 235, 236, 237, 238, 240, 246, 247, 248, 249, 250, 251, 252], "excluded_lines": []}, "Llama4MaverickLoader._load_with_transformers": {"executed_lines": [256, 258, 261, 265, 272], "summary": {"covered_lines": 5, "num_statements": 5, "percent_covered": 100.0, "percent_covered_display": "100", "missing_lines": 0, "excluded_lines": 0}, "missing_lines": [], "excluded_lines": []}, "Llama4MaverickLoader.generate": {"executed_lines": [282, 283, 285, 286, 290, 294], "summary": {"covered_lines": 6, "num_statements": 11, "percent_covered": 54.54545454545455, "percent_covered_display": "55", "missing_lines": 5, "excluded_lines": 0}, "missing_lines": [287, 291, 297, 298, 299], "excluded_lines": []}, "Llama4MaverickLoader._generate_with_sglang": {"executed_lines": [], "summary": {"covered_lines": 0, "num_statements": 5, "percent_covered": 0.0, "percent_covered_display": "0", "missing_lines": 5, "excluded_lines": 0}, "missing_lines": [309, 311, 312, 318, 319], "excluded_lines": []}, "Llama4MaverickLoader._generate_with_sglang.image_qa": {"executed_lines": [], "summary": {"covered_lines": 0, "num_statements": 4, "percent_covered": 0.0, "percent_covered_display": "0", "missing_lines": 4, "excluded_lines": 0}, "missing_lines": [313, 314, 315, 316], "excluded_lines": []}, "Llama4MaverickLoader._generate_with_vllm": {"executed_lines": [], "summary": {"covered_lines": 0, "num_statements": 4, "percent_covered": 0.0, "percent_covered_display": "0", "missing_lines": 4, "excluded_lines": 0}, "missing_lines": [329, 331, 336, 340], "excluded_lines": []}, "Llama4MaverickLoader._generate_with_transformers": {"executed_lines": [350, 353, 354, 356, 357, 364], "summary": {"covered_lines": 6, "num_statements": 7, "percent_covered": 85.71428571428571, "percent_covered_display": "86", "missing_lines": 1, "excluded_lines": 0}, "missing_lines": [351], "excluded_lines": []}, "Gemma3Loader.load": {"executed_lines": [376, 377, 382, 384, 387, 389], "summary": {"covered_lines": 6, "num_statements": 11, "percent_covered": 54.54545454545455, "percent_covered_display": "55", "missing_lines": 5, "excluded_lines": 0}, "missing_lines": [383, 385, 390, 391, 392], "excluded_lines": []}, "Gemma3Loader._load_with_sglang": {"executed_lines": [], "summary": {"covered_lines": 0, "num_statements": 11, "percent_covered": 0.0, "percent_covered_display": "0", "missing_lines": 11, "excluded_lines": 0}, "missing_lines": [396, 397, 399, 400, 401, 403, 410, 411, 412, 413, 414], "excluded_lines": []}, "Gemma3Loader._load_with_vllm": {"executed_lines": [], "summary": {"covered_lines": 0, "num_statements": 10, "percent_covered": 0.0, "percent_covered_display": "0", "missing_lines": 10, "excluded_lines": 0}, "missing_lines": [418, 419, 421, 422, 423, 425, 431, 432, 433, 434], "excluded_lines": []}, "Gemma3Loader._load_with_transformers": {"executed_lines": [438, 440, 442, 445, 449, 456], "summary": {"covered_lines": 6, "num_statements": 6, "percent_covered": 100.0, "percent_covered_display": "100", "missing_lines": 0, "excluded_lines": 0}, "missing_lines": [], "excluded_lines": []}, "Gemma3Loader.generate": {"executed_lines": [], "summary": {"covered_lines": 0, "num_statements": 11, "percent_covered": 0.0, "percent_covered_display": "0", "missing_lines": 11, "excluded_lines": 0}, "missing_lines": [466, 467, 469, 470, 471, 474, 475, 478, 481, 482, 483], "excluded_lines": []}, "Gemma3Loader._generate_with_sglang": {"executed_lines": [], "summary": {"covered_lines": 0, "num_statements": 5, "percent_covered": 0.0, "percent_covered_display": "0", "missing_lines": 5, "excluded_lines": 0}, "missing_lines": [493, 495, 496, 502, 503], "excluded_lines": []}, "Gemma3Loader._generate_with_sglang.image_qa": {"executed_lines": [], "summary": {"covered_lines": 0, "num_statements": 4, "percent_covered": 0.0, "percent_covered_display": "0", "missing_lines": 4, "excluded_lines": 0}, "missing_lines": [497, 498, 499, 500], "excluded_lines": []}, "Gemma3Loader._generate_with_vllm": {"executed_lines": [], "summary": {"covered_lines": 0, "num_statements": 4, "percent_covered": 0.0, "percent_covered_display": "0", "missing_lines": 4, "excluded_lines": 0}, "missing_lines": [513, 515, 519, 523], "excluded_lines": []}, "Gemma3Loader._generate_with_transformers": {"executed_lines": [], "summary": {"covered_lines": 0, "num_statements": 7, "percent_covered": 0.0, "percent_covered_display": "0", "missing_lines": 7, "excluded_lines": 0}, "missing_lines": [533, 534, 536, 537, 539, 540, 547], "excluded_lines": []}, "InternVL3Loader.load": {"executed_lines": [559, 560, 564, 565], "summary": {"covered_lines": 4, "num_statements": 7, "percent_covered": 57.142857142857146, "percent_covered_display": "57", "missing_lines": 3, "excluded_lines": 0}, "missing_lines": [566, 567, 568], "excluded_lines": []}, "InternVL3Loader._load_with_transformers": {"executed_lines": [573, 575, 579, 586], "summary": {"covered_lines": 4, "num_statements": 4, "percent_covered": 100.0, "percent_covered_display": "100", "missing_lines": 0, "excluded_lines": 0}, "missing_lines": [], "excluded_lines": []}, "InternVL3Loader.generate": {"executed_lines": [596, 599, 600, 601, 602, 605, 607, 613], "summary": {"covered_lines": 8, "num_statements": 12, "percent_covered": 66.66666666666667, "percent_covered_display": "67", "missing_lines": 4, "excluded_lines": 0}, "missing_lines": [597, 619, 620, 621], "excluded_lines": []}, "PixtralLargeLoader.load": {"executed_lines": [633, 634, 639, 642, 644], "summary": {"covered_lines": 5, "num_statements": 9, "percent_covered": 55.55555555555556, "percent_covered_display": "56", "missing_lines": 4, "excluded_lines": 0}, "missing_lines": [640, 645, 646, 647], "excluded_lines": []}, "PixtralLargeLoader._load_with_vllm": {"executed_lines": [], "summary": {"covered_lines": 0, "num_statements": 12, "percent_covered": 0.0, "percent_covered_display": "0", "missing_lines": 12, "excluded_lines": 0}, "missing_lines": [651, 652, 654, 655, 656, 657, 658, 660, 666, 667, 668, 669], "excluded_lines": []}, "PixtralLargeLoader._load_with_transformers": {"executed_lines": [673, 675, 677, 680, 684, 691], "summary": {"covered_lines": 6, "num_statements": 6, "percent_covered": 100.0, "percent_covered_display": "100", "missing_lines": 0, "excluded_lines": 0}, "missing_lines": [], "excluded_lines": []}, "PixtralLargeLoader.generate": {"executed_lines": [], "summary": {"covered_lines": 0, "num_statements": 9, "percent_covered": 0.0, "percent_covered_display": "0", "missing_lines": 9, "excluded_lines": 0}, "missing_lines": [701, 702, 704, 705, 706, 709, 712, 713, 714], "excluded_lines": []}, "PixtralLargeLoader._generate_with_vllm": {"executed_lines": [], "summary": {"covered_lines": 0, "num_statements": 4, "percent_covered": 0.0, "percent_covered_display": "0", "missing_lines": 4, "excluded_lines": 0}, "missing_lines": [724, 726, 730, 734], "excluded_lines": []}, "PixtralLargeLoader._generate_with_transformers": {"executed_lines": [], "summary": {"covered_lines": 0, "num_statements": 7, "percent_covered": 0.0, "percent_covered_display": "0", "missing_lines": 7, "excluded_lines": 0}, "missing_lines": [744, 745, 747, 748, 750, 751, 758], "excluded_lines": []}, "Qwen25VLLoader.load": {"executed_lines": [770, 771, 776, 778, 781, 783], "summary": {"covered_lines": 6, "num_statements": 11, "percent_covered": 54.54545454545455, "percent_covered_display": "55", "missing_lines": 5, "excluded_lines": 0}, "missing_lines": [777, 779, 784, 785, 786], "excluded_lines": []}, "Qwen25VLLoader._load_with_sglang": {"executed_lines": [], "summary": {"covered_lines": 0, "num_statements": 13, "percent_covered": 0.0, "percent_covered_display": "0", "missing_lines": 13, "excluded_lines": 0}, "missing_lines": [790, 791, 793, 794, 795, 796, 797, 799, 806, 807, 808, 809, 810], "excluded_lines": []}, "Qwen25VLLoader._load_with_vllm": {"executed_lines": [], "summary": {"covered_lines": 0, "num_statements": 12, "percent_covered": 0.0, "percent_covered_display": "0", "missing_lines": 12, "excluded_lines": 0}, "missing_lines": [814, 815, 817, 818, 819, 820, 821, 823, 829, 830, 831, 832], "excluded_lines": []}, "Qwen25VLLoader._load_with_transformers": {"executed_lines": [837, 839, 842, 846, 853], "summary": {"covered_lines": 5, "num_statements": 5, "percent_covered": 100.0, "percent_covered_display": "100", "missing_lines": 0, "excluded_lines": 0}, "missing_lines": [], "excluded_lines": []}, "Qwen25VLLoader.generate": {"executed_lines": [863, 866, 867, 871, 875], "summary": {"covered_lines": 5, "num_statements": 11, "percent_covered": 45.45454545454545, "percent_covered_display": "45", "missing_lines": 6, "excluded_lines": 0}, "missing_lines": [864, 868, 872, 878, 879, 880], "excluded_lines": []}, "Qwen25VLLoader._generate_with_sglang": {"executed_lines": [], "summary": {"covered_lines": 0, "num_statements": 5, "percent_covered": 0.0, "percent_covered_display": "0", "missing_lines": 5, "excluded_lines": 0}, "missing_lines": [890, 892, 893, 899, 900], "excluded_lines": []}, "Qwen25VLLoader._generate_with_sglang.image_qa": {"executed_lines": [], "summary": {"covered_lines": 0, "num_statements": 4, "percent_covered": 0.0, "percent_covered_display": "0", "missing_lines": 4, "excluded_lines": 0}, "missing_lines": [894, 895, 896, 897], "excluded_lines": []}, "Qwen25VLLoader._generate_with_vllm": {"executed_lines": [], "summary": {"covered_lines": 0, "num_statements": 4, "percent_covered": 0.0, "percent_covered_display": "0", "missing_lines": 4, "excluded_lines": 0}, "missing_lines": [910, 912, 916, 920], "excluded_lines": []}, "Qwen25VLLoader._generate_with_transformers": {"executed_lines": [930, 933, 943, 946, 947, 954, 956, 957, 964], "summary": {"covered_lines": 9, "num_statements": 10, "percent_covered": 90.0, "percent_covered_display": "90", "missing_lines": 1, "excluded_lines": 0}, "missing_lines": [931], "excluded_lines": []}, "create_vlm_loader": {"executed_lines": [992, 994, 995, 996, 997, 998, 999, 1000, 1001, 1002, 1003, 1004], "summary": {"covered_lines": 12, "num_statements": 12, "percent_covered": 100.0, "percent_covered_display": "100", "missing_lines": 0, "excluded_lines": 0}, "missing_lines": [], "excluded_lines": []}, "": {"executed_lines": [1, 9, 10, 11, 12, 13, 15, 16, 17, 26, 29, 30, 32, 33, 34, 35, 38, 39, 41, 42, 43, 46, 47, 48, 66, 67, 68, 69, 70, 71, 74, 75, 80, 93, 94, 104, 105, 137, 152, 175, 176, 182, 202, 229, 254, 274, 301, 321, 342, 367, 368, 374, 394, 416, 436, 458, 485, 505, 525, 550, 551, 557, 570, 588, 624, 625, 631, 649, 671, 693, 716, 736, 761, 762, 768, 788, 812, 834, 855, 882, 902, 922, 967], "summary": {"covered_lines": 73, "num_statements": 73, "percent_covered": 100.0, "percent_covered_display": "100", "missing_lines": 0, "excluded_lines": 0}, "missing_lines": [], "excluded_lines": []}}, "classes": {"QuantizationType": {"executed_lines": [], "summary": {"covered_lines": 0, "num_statements": 0, "percent_covered": 100.0, "percent_covered_display": "100", "missing_lines": 0, "excluded_lines": 0}, "missing_lines": [], "excluded_lines": []}, "InferenceFramework": {"executed_lines": [], "summary": {"covered_lines": 0, "num_statements": 0, "percent_covered": 100.0, "percent_covered_display": "100", "missing_lines": 0, "excluded_lines": 0}, "missing_lines": [], "excluded_lines": []}, "VLMConfig": {"executed_lines": [], "summary": {"covered_lines": 0, "num_statements": 0, "percent_covered": 100.0, "percent_covered_display": "100", "missing_lines": 0, "excluded_lines": 0}, "missing_lines": [], "excluded_lines": []}, "VLMLoader": {"executed_lines": [88, 89, 90, 91, 139, 140, 141, 142, 143, 144, 145, 146, 147, 148, 149, 150, 160, 161, 167, 168, 172], "summary": {"covered_lines": 21, "num_statements": 23, "percent_covered": 91.30434782608695, "percent_covered_display": "91", "missing_lines": 2, "excluded_lines": 0}, "missing_lines": [102, 135], "excluded_lines": []}, "Llama4MaverickLoader": {"executed_lines": [184, 185, 190, 192, 195, 197, 256, 258, 261, 265, 272, 282, 283, 285, 286, 290, 294, 350, 353, 354, 356, 357, 364], "summary": {"covered_lines": 23, "num_statements": 78, "percent_covered": 29.487179487179485, "percent_covered_display": "29", "missing_lines": 55, "excluded_lines": 0}, "missing_lines": [191, 193, 198, 199, 200, 204, 205, 207, 208, 209, 210, 211, 213, 220, 221, 222, 223, 224, 225, 226, 227, 231, 232, 234, 235, 236, 237, 238, 240, 246, 247, 248, 249, 250, 251, 252, 287, 291, 297, 298, 299, 309, 311, 312, 313, 314, 315, 316, 318, 319, 329, 331, 336, 340, 351], "excluded_lines": []}, "Gemma3Loader": {"executed_lines": [376, 377, 382, 384, 387, 389, 438, 440, 442, 445, 449, 456], "summary": {"covered_lines": 12, "num_statements": 69, "percent_covered": 17.391304347826086, "percent_covered_display": "17", "missing_lines": 57, "excluded_lines": 0}, "missing_lines": [383, 385, 390, 391, 392, 396, 397, 399, 400, 401, 403, 410, 411, 412, 413, 414, 418, 419, 421, 422, 423, 425, 431, 432, 433, 434, 466, 467, 469, 470, 471, 474, 475, 478, 481, 482, 483, 493, 495, 496, 497, 498, 499, 500, 502, 503, 513, 515, 519, 523, 533, 534, 536, 537, 539, 540, 547], "excluded_lines": []}, "InternVL3Loader": {"executed_lines": [559, 560, 564, 565, 573, 575, 579, 586, 596, 599, 600, 601, 602, 605, 607, 613], "summary": {"covered_lines": 16, "num_statements": 23, "percent_covered": 69.56521739130434, "percent_covered_display": "70", "missing_lines": 7, "excluded_lines": 0}, "missing_lines": [566, 567, 568, 597, 619, 620, 621], "excluded_lines": []}, "PixtralLargeLoader": {"executed_lines": [633, 634, 639, 642, 644, 673, 675, 677, 680, 684, 691], "summary": {"covered_lines": 11, "num_statements": 47, "percent_covered": 23.404255319148938, "percent_covered_display": "23", "missing_lines": 36, "excluded_lines": 0}, "missing_lines": [640, 645, 646, 647, 651, 652, 654, 655, 656, 657, 658, 660, 666, 667, 668, 669, 701, 702, 704, 705, 706, 709, 712, 713, 714, 724, 726, 730, 734, 744, 745, 747, 748, 750, 751, 758], "excluded_lines": []}, "Qwen25VLLoader": {"executed_lines": [770, 771, 776, 778, 781, 783, 837, 839, 842, 846, 853, 863, 866, 867, 871, 875, 930, 933, 943, 946, 947, 954, 956, 957, 964], "summary": {"covered_lines": 25, "num_statements": 75, "percent_covered": 33.333333333333336, "percent_covered_display": "33", "missing_lines": 50, "excluded_lines": 0}, "missing_lines": [777, 779, 784, 785, 786, 790, 791, 793, 794, 795, 796, 797, 799, 806, 807, 808, 809, 810, 814, 815, 817, 818, 819, 820, 821, 823, 829, 830, 831, 832, 864, 868, 872, 878, 879, 880, 890, 892, 893, 894, 895, 896, 897, 899, 900, 910, 912, 916, 920, 931], "excluded_lines": []}, "": {"executed_lines": [1, 9, 10, 11, 12, 13, 15, 16, 17, 26, 29, 30, 32, 33, 34, 35, 38, 39, 41, 42, 43, 46, 47, 48, 66, 67, 68, 69, 70, 71, 74, 75, 80, 93, 94, 104, 105, 137, 152, 175, 176, 182, 202, 229, 254, 274, 301, 321, 342, 367, 368, 374, 394, 416, 436, 458, 485, 505, 525, 550, 551, 557, 570, 588, 624, 625, 631, 649, 671, 693, 716, 736, 761, 762, 768, 788, 812, 834, 855, 882, 902, 922, 967, 992, 994, 995, 996, 997, 998, 999, 1000, 1001, 1002, 1003, 1004], "summary": {"covered_lines": 85, "num_statements": 85, "percent_covered": 100.0, "percent_covered_display": "100", "missing_lines": 0, "excluded_lines": 0}, "missing_lines": [], "excluded_lines": []}}}}, "totals": {"covered_lines": 193, "num_statements": 945, "percent_covered": 20.423280423280424, "percent_covered_display": "20", "missing_lines": 752, "excluded_lines": 2}}